<?xml version="1.0" encoding="UTF-8"?><testsuite errors="0" failures="0" name="com.serenity_rest_assured_automation.demo.CountriesSearchTests" skipped="0" tests="3" time="8.02" timestamp="2018-03-22T15:02:14.865+05:30[Asia/Calcutta]"><testcase classname="com.serenity_rest_assured_automation.demo.CountriesSearchTests" name="Verify that we can find united states of america country using the code US"/><testcase classname="com.serenity_rest_assured_automation.demo.CountriesSearchTests" name="Verify that we can find brazil country using the code BR"/><testcase classname="com.serenity_rest_assured_automation.demo.CountriesSearchTests" name="Verify that we can find india country using the code IN"/></testsuite>