<?xml version="1.0" encoding="UTF-8"?><testsuite errors="0" failures="0" name="com.serenity_rest_assured_automation.demo.CountriesSearchTests" skipped="0" tests="3" time="5.48" timestamp="2018-02-04T19:18:32.343+05:30[Asia/Calcutta]"><testcase classname="com.serenity_rest_assured_automation.demo.CountriesSearchTests" name="Verify that we can find united states of america using the code BR"/><testcase classname="com.serenity_rest_assured_automation.demo.CountriesSearchTests" name="Verify that we can find united states of america using the code IN"/><testcase classname="com.serenity_rest_assured_automation.demo.CountriesSearchTests" name="Verify that we can find united states of america using the code US"/></testsuite>